        -:    0:Source:/cygdrive/c/Users/vAsmad/CLionProjects/TPS/TPI_toroide/tests/EJ05_cantidadVecinosVivosTEST.cpp
        -:    0:Graph:/cygdrive/c/Users/vAsmad/CLionProjects/TPS/TPI_toroide/cmake-build-debug-coverage/CMakeFiles/juegoDeLaVida.dir/tests/EJ05_cantidadVecinosVivosTEST.gcno
        -:    0:Data:/cygdrive/c/Users/vAsmad/CLionProjects/TPS/TPI_toroide/cmake-build-debug-coverage/CMakeFiles/juegoDeLaVida.dir/tests/EJ05_cantidadVecinosVivosTEST.gcda
        -:    0:Runs:1
        -:    1:#include "../ejercicios.h"
        -:    2:#include "../auxiliares.h"
        -:    3:#include "gtest/gtest.h"
        -:    4:#include <algorithm>
        -:    5:#include "../toroidesparaTest.h"
        -:    6:
        -:    7:using namespace std;
        -:    8:
        2:    9:TEST(cantidadVecinosVivosTEST, seisVivos){
        -:   10:    toroide t = {
        -:   11:            {true, false, false, false},
        -:   12:            {false, false, true, true},
        -:   13:            {false, false, false, false},
        8:   14:            {true, false, true, true}};
        -:   15:
       1*:   16:    EXPECT_EQ(cantidadVecinosVivos(t, 0, 3), 6);
        1:   17:}
------------------
_ZN39cantidadVecinosVivosTEST_seisVivos_Test8TestBodyEv:
        1:    9:TEST(cantidadVecinosVivosTEST, seisVivos){
        -:   10:    toroide t = {
        -:   11:            {true, false, false, false},
        -:   12:            {false, false, true, true},
        -:   13:            {false, false, false, false},
        8:   14:            {true, false, true, true}};
        1:   14-block  0
        1:   14-block  1
        1:   14-block  2
        1:   14-block  3
        1:   14-block  4
        4:   14-block  5
        1:   14-block  6
    $$$$$:   14-block  7
    $$$$$:   14-block  8
    $$$$$:   14-block  9
    $$$$$:   14-block 10
    $$$$$:   14-block 11
    $$$$$:   14-block 12
    $$$$$:   14-block 13
    $$$$$:   14-block 14
        -:   15:
       1*:   16:    EXPECT_EQ(cantidadVecinosVivos(t, 0, 3), 6);
        1:   16-block  0
        1:   16-block  1
    %%%%%:   16-block  2
    %%%%%:   16-block  3
    %%%%%:   16-block  4
    %%%%%:   16-block  5
    %%%%%:   16-block  6
        1:   16-block  7
    $$$$$:   16-block  8
    $$$$$:   16-block  9
    $$$$$:   16-block 10
    $$$$$:   16-block 11
    $$$$$:   16-block 12
    $$$$$:   16-block 13
    $$$$$:   16-block 14
        1:   17:}
------------------
_ZN39cantidadVecinosVivosTEST_seisVivos_TestC1Ev:
        1:    9:TEST(cantidadVecinosVivosTEST, seisVivos){
        1:    9-block  0
------------------
        -:   18:
        2:   19:TEST(cantidadVecinosVivosTEST, fueraDeRango){
        2:   20:    toroide t2 = tPeriodico;
        -:   21:
       1*:   22:    EXPECT_EQ(cantidadVecinosVivos(t2, 7, -1), 0);
        1:   23:}
------------------
_ZN42cantidadVecinosVivosTEST_fueraDeRango_Test8TestBodyEv:
        1:   19:TEST(cantidadVecinosVivosTEST, fueraDeRango){
        2:   20:    toroide t2 = tPeriodico;
        1:   20-block  0
    $$$$$:   20-block  1
        -:   21:
       1*:   22:    EXPECT_EQ(cantidadVecinosVivos(t2, 7, -1), 0);
        1:   22-block  0
        1:   22-block  1
        1:   22-block  2
    %%%%%:   22-block  3
    %%%%%:   22-block  4
    %%%%%:   22-block  5
    %%%%%:   22-block  6
    %%%%%:   22-block  7
        1:   22-block  8
    $$$$$:   22-block  9
    $$$$$:   22-block 10
    $$$$$:   22-block 11
    $$$$$:   22-block 12
    $$$$$:   22-block 13
    $$$$$:   22-block 14
    $$$$$:   22-block 15
        1:   23:}
------------------
_ZN42cantidadVecinosVivosTEST_fueraDeRango_TestC1Ev:
        1:   19:TEST(cantidadVecinosVivosTEST, fueraDeRango){
        1:   19-block  0
------------------
        -:   24:
        2:   25:TEST(cantidadVecinosVivosTEST, enRangoTresVivos){
        2:   26:    toroide t = tPeriodico;
        -:   27:
       1*:   28:    EXPECT_EQ(cantidadVecinosVivos(t, 5, 2), 0);
        1:   29:}
------------------
_ZN46cantidadVecinosVivosTEST_enRangoTresVivos_Test8TestBodyEv:
        1:   25:TEST(cantidadVecinosVivosTEST, enRangoTresVivos){
        2:   26:    toroide t = tPeriodico;
        1:   26-block  0
    $$$$$:   26-block  1
        -:   27:
       1*:   28:    EXPECT_EQ(cantidadVecinosVivos(t, 5, 2), 0);
        1:   28-block  0
        1:   28-block  1
        1:   28-block  2
    %%%%%:   28-block  3
    %%%%%:   28-block  4
    %%%%%:   28-block  5
    %%%%%:   28-block  6
    %%%%%:   28-block  7
        1:   28-block  8
    $$$$$:   28-block  9
    $$$$$:   28-block 10
    $$$$$:   28-block 11
    $$$$$:   28-block 12
    $$$$$:   28-block 13
    $$$$$:   28-block 14
    $$$$$:   28-block 15
        1:   29:}
------------------
_ZN46cantidadVecinosVivosTEST_enRangoTresVivos_TestC1Ev:
        1:   25:TEST(cantidadVecinosVivosTEST, enRangoTresVivos){
        1:   25-block  0
------------------
        -:   30:
        2:   31:TEST(cantidadVecinosVivosTEST, sinSobrevivientes){
        2:   32:    toroide t =tMuerto;
       1*:   33:    EXPECT_EQ(cantidadVecinosVivos(t, 1, 1), 0);
        1:   34:}
------------------
_ZN47cantidadVecinosVivosTEST_sinSobrevivientes_Test8TestBodyEv:
        1:   31:TEST(cantidadVecinosVivosTEST, sinSobrevivientes){
        2:   32:    toroide t =tMuerto;
        1:   32-block  0
    $$$$$:   32-block  1
       1*:   33:    EXPECT_EQ(cantidadVecinosVivos(t, 1, 1), 0);
        1:   33-block  0
        1:   33-block  1
        1:   33-block  2
    %%%%%:   33-block  3
    %%%%%:   33-block  4
    %%%%%:   33-block  5
    %%%%%:   33-block  6
    %%%%%:   33-block  7
        1:   33-block  8
    $$$$$:   33-block  9
    $$$$$:   33-block 10
    $$$$$:   33-block 11
    $$$$$:   33-block 12
    $$$$$:   33-block 13
    $$$$$:   33-block 14
    $$$$$:   33-block 15
        1:   34:}
------------------
_ZN47cantidadVecinosVivosTEST_sinSobrevivientes_TestC1Ev:
        1:   31:TEST(cantidadVecinosVivosTEST, sinSobrevivientes){
        1:   31-block  0
------------------
        -:   35:
        2:   36:TEST(cantidadVecinosVivosTEST, rodeadoDeVivos){
        2:   37:    toroide t =tVivo;
       1*:   38:    EXPECT_EQ(cantidadVecinosVivos(t, 1, 1), 8);
        1:   39:}
------------------
_ZN44cantidadVecinosVivosTEST_rodeadoDeVivos_Test8TestBodyEv:
        1:   36:TEST(cantidadVecinosVivosTEST, rodeadoDeVivos){
        2:   37:    toroide t =tVivo;
        1:   37-block  0
    $$$$$:   37-block  1
       1*:   38:    EXPECT_EQ(cantidadVecinosVivos(t, 1, 1), 8);
        1:   38-block  0
        1:   38-block  1
        1:   38-block  2
    %%%%%:   38-block  3
    %%%%%:   38-block  4
    %%%%%:   38-block  5
    %%%%%:   38-block  6
    %%%%%:   38-block  7
        1:   38-block  8
    $$$$$:   38-block  9
    $$$$$:   38-block 10
    $$$$$:   38-block 11
    $$$$$:   38-block 12
    $$$$$:   38-block 13
    $$$$$:   38-block 14
    $$$$$:   38-block 15
        1:   39:}
------------------
_ZN44cantidadVecinosVivosTEST_rodeadoDeVivos_TestC1Ev:
        1:   36:TEST(cantidadVecinosVivosTEST, rodeadoDeVivos){
        1:   36-block  0
------------------
