        -:    0:Source:/cygdrive/c/Users/vAsmad/CLionProjects/TPS/TPI_toroide/tests/EJ06_evolucionDePosicionTEST.cpp
        -:    0:Graph:/cygdrive/c/Users/vAsmad/CLionProjects/TPS/TPI_toroide/cmake-build-debug-coverage/CMakeFiles/juegoDeLaVida.dir/tests/EJ06_evolucionDePosicionTEST.gcno
        -:    0:Data:/cygdrive/c/Users/vAsmad/CLionProjects/TPS/TPI_toroide/cmake-build-debug-coverage/CMakeFiles/juegoDeLaVida.dir/tests/EJ06_evolucionDePosicionTEST.gcda
        -:    0:Runs:1
        -:    1:#include "../ejercicios.h"
        -:    2:#include "gtest/gtest.h"
        -:    3:#include "../toroidesparaTest.h"
        -:    4:
        -:    5:using namespace std;
        -:    6:
        2:    7:TEST(evolucionDePosicionTEST, toroideDiagonalTresPorTres){
        7:    8:    toroide t = { {true, false, false}, {false, true, false}, {false, false, true} };
       1*:    9:    EXPECT_TRUE(evolucionDePosicion(t, make_pair(1,1)));
        1:   10:}
------------------
_ZN55evolucionDePosicionTEST_toroideDiagonalTresPorTres_Test8TestBodyEv:
        1:    7:TEST(evolucionDePosicionTEST, toroideDiagonalTresPorTres){
        7:    8:    toroide t = { {true, false, false}, {false, true, false}, {false, false, true} };
        1:    8-block  0
        1:    8-block  1
        1:    8-block  2
        1:    8-block  3
        3:    8-block  4
        1:    8-block  5
    $$$$$:    8-block  6
    $$$$$:    8-block  7
    $$$$$:    8-block  8
    $$$$$:    8-block  9
    $$$$$:    8-block 10
    $$$$$:    8-block 11
    $$$$$:    8-block 12
       1*:    9:    EXPECT_TRUE(evolucionDePosicion(t, make_pair(1,1)));
        1:    9-block  0
        1:    9-block  1
        1:    9-block  2
    %%%%%:    9-block  3
    %%%%%:    9-block  4
    %%%%%:    9-block  5
    %%%%%:    9-block  6
    %%%%%:    9-block  7
        1:    9-block  8
    $$$$$:    9-block  9
    $$$$$:    9-block 10
    $$$$$:    9-block 11
    $$$$$:    9-block 12
    $$$$$:    9-block 13
    $$$$$:    9-block 14
    $$$$$:    9-block 15
    $$$$$:    9-block 16
    $$$$$:    9-block 17
    $$$$$:    9-block 18
        1:   10:}
------------------
_ZN55evolucionDePosicionTEST_toroideDiagonalTresPorTres_TestC1Ev:
        1:    7:TEST(evolucionDePosicionTEST, toroideDiagonalTresPorTres){
        1:    7-block  0
------------------
        -:   11:
        2:   12:TEST(evolucionDePosicionTEST, NoRevivePorCincoVecinosVivos){
        7:   13:    toroide t = { {false, true, true}, {false, true, false}, {false, true, true}};
       1*:   14:    EXPECT_FALSE(evolucionDePosicion(t, make_pair(1,0)));
        1:   15:}
------------------
_ZN57evolucionDePosicionTEST_NoRevivePorCincoVecinosVivos_Test8TestBodyEv:
        1:   12:TEST(evolucionDePosicionTEST, NoRevivePorCincoVecinosVivos){
        7:   13:    toroide t = { {false, true, true}, {false, true, false}, {false, true, true}};
        1:   13-block  0
        1:   13-block  1
        1:   13-block  2
        1:   13-block  3
        3:   13-block  4
        1:   13-block  5
    $$$$$:   13-block  6
    $$$$$:   13-block  7
    $$$$$:   13-block  8
    $$$$$:   13-block  9
    $$$$$:   13-block 10
    $$$$$:   13-block 11
    $$$$$:   13-block 12
       1*:   14:    EXPECT_FALSE(evolucionDePosicion(t, make_pair(1,0)));
        1:   14-block  0
        1:   14-block  1
        1:   14-block  2
    %%%%%:   14-block  3
    %%%%%:   14-block  4
    %%%%%:   14-block  5
    %%%%%:   14-block  6
    %%%%%:   14-block  7
        1:   14-block  8
    $$$$$:   14-block  9
    $$$$$:   14-block 10
    $$$$$:   14-block 11
    $$$$$:   14-block 12
    $$$$$:   14-block 13
    $$$$$:   14-block 14
    $$$$$:   14-block 15
    $$$$$:   14-block 16
    $$$$$:   14-block 17
    $$$$$:   14-block 18
        1:   15:}
------------------
_ZN57evolucionDePosicionTEST_NoRevivePorCincoVecinosVivos_TestC1Ev:
        1:   12:TEST(evolucionDePosicionTEST, NoRevivePorCincoVecinosVivos){
        1:   12-block  0
------------------
        -:   16:
        2:   17:TEST(evolucionDePosicionTEST, toroidePorRevivir){
        2:   18:    toroide t2 = tPorRevivir;
       1*:   19:    EXPECT_TRUE(evolucionDePosicion(t2, make_pair(1,1)));
        1:   20:}
------------------
_ZN46evolucionDePosicionTEST_toroidePorRevivir_Test8TestBodyEv:
        1:   17:TEST(evolucionDePosicionTEST, toroidePorRevivir){
        2:   18:    toroide t2 = tPorRevivir;
        1:   18-block  0
    $$$$$:   18-block  1
       1*:   19:    EXPECT_TRUE(evolucionDePosicion(t2, make_pair(1,1)));
        1:   19-block  0
        1:   19-block  1
        1:   19-block  2
        1:   19-block  3
    %%%%%:   19-block  4
    %%%%%:   19-block  5
    %%%%%:   19-block  6
    %%%%%:   19-block  7
    %%%%%:   19-block  8
        1:   19-block  9
    $$$$$:   19-block 10
    $$$$$:   19-block 11
    $$$$$:   19-block 12
    $$$$$:   19-block 13
    $$$$$:   19-block 14
    $$$$$:   19-block 15
    $$$$$:   19-block 16
    $$$$$:   19-block 17
    $$$$$:   19-block 18
    $$$$$:   19-block 19
        1:   20:}
------------------
_ZN46evolucionDePosicionTEST_toroidePorRevivir_TestC1Ev:
        1:   17:TEST(evolucionDePosicionTEST, toroidePorRevivir){
        1:   17-block  0
------------------
        -:   21:
        2:   22:TEST(evolucionDePosicionTEST, toroidePorMorir ){
        2:   23:    toroide t3 = tPorMorir;
       1*:   24:    EXPECT_FALSE(evolucionDePosicion(t3, make_pair(2,2)));
        1:   25:}
------------------
_ZN44evolucionDePosicionTEST_toroidePorMorir_Test8TestBodyEv:
        1:   22:TEST(evolucionDePosicionTEST, toroidePorMorir ){
        2:   23:    toroide t3 = tPorMorir;
        1:   23-block  0
    $$$$$:   23-block  1
       1*:   24:    EXPECT_FALSE(evolucionDePosicion(t3, make_pair(2,2)));
        1:   24-block  0
        1:   24-block  1
        1:   24-block  2
        1:   24-block  3
    %%%%%:   24-block  4
    %%%%%:   24-block  5
    %%%%%:   24-block  6
    %%%%%:   24-block  7
    %%%%%:   24-block  8
        1:   24-block  9
    $$$$$:   24-block 10
    $$$$$:   24-block 11
    $$$$$:   24-block 12
    $$$$$:   24-block 13
    $$$$$:   24-block 14
    $$$$$:   24-block 15
    $$$$$:   24-block 16
    $$$$$:   24-block 17
    $$$$$:   24-block 18
    $$$$$:   24-block 19
        1:   25:}
------------------
_ZN44evolucionDePosicionTEST_toroidePorMorir_TestC1Ev:
        1:   22:TEST(evolucionDePosicionTEST, toroidePorMorir ){
        1:   22-block  0
------------------
        -:   26:
        2:   27:TEST(evolucionDePosicionTEST, toroidePeriodico){
        2:   28:    toroide t4 = tPeriodico;
       1*:   29:    EXPECT_FALSE(evolucionDePosicion(t4, make_pair(-1,11)));
        1:   30:}
------------------
_ZN45evolucionDePosicionTEST_toroidePeriodico_Test8TestBodyEv:
        1:   27:TEST(evolucionDePosicionTEST, toroidePeriodico){
        2:   28:    toroide t4 = tPeriodico;
        1:   28-block  0
    $$$$$:   28-block  1
       1*:   29:    EXPECT_FALSE(evolucionDePosicion(t4, make_pair(-1,11)));
        1:   29-block  0
        1:   29-block  1
        1:   29-block  2
        1:   29-block  3
    %%%%%:   29-block  4
    %%%%%:   29-block  5
    %%%%%:   29-block  6
    %%%%%:   29-block  7
    %%%%%:   29-block  8
        1:   29-block  9
    $$$$$:   29-block 10
    $$$$$:   29-block 11
    $$$$$:   29-block 12
    $$$$$:   29-block 13
    $$$$$:   29-block 14
    $$$$$:   29-block 15
    $$$$$:   29-block 16
    $$$$$:   29-block 17
    $$$$$:   29-block 18
    $$$$$:   29-block 19
        1:   30:}
------------------
_ZN45evolucionDePosicionTEST_toroidePeriodico_TestC1Ev:
        1:   27:TEST(evolucionDePosicionTEST, toroidePeriodico){
        1:   27-block  0
------------------
        -:   31:
        2:   32:TEST(evolucionDePosicionTEST, toroidePeriodicoEnRango){
        2:   33:    toroide t5 = tPeriodico;
       1*:   34:    EXPECT_FALSE(evolucionDePosicion(t5, make_pair(3,1)));
        1:   35:}
------------------
_ZN52evolucionDePosicionTEST_toroidePeriodicoEnRango_Test8TestBodyEv:
        1:   32:TEST(evolucionDePosicionTEST, toroidePeriodicoEnRango){
        2:   33:    toroide t5 = tPeriodico;
        1:   33-block  0
    $$$$$:   33-block  1
       1*:   34:    EXPECT_FALSE(evolucionDePosicion(t5, make_pair(3,1)));
        1:   34-block  0
        1:   34-block  1
        1:   34-block  2
        1:   34-block  3
    %%%%%:   34-block  4
    %%%%%:   34-block  5
    %%%%%:   34-block  6
    %%%%%:   34-block  7
    %%%%%:   34-block  8
        1:   34-block  9
    $$$$$:   34-block 10
    $$$$$:   34-block 11
    $$$$$:   34-block 12
    $$$$$:   34-block 13
    $$$$$:   34-block 14
    $$$$$:   34-block 15
    $$$$$:   34-block 16
    $$$$$:   34-block 17
    $$$$$:   34-block 18
    $$$$$:   34-block 19
        1:   35:}
------------------
_ZN52evolucionDePosicionTEST_toroidePeriodicoEnRango_TestC1Ev:
        1:   32:TEST(evolucionDePosicionTEST, toroidePeriodicoEnRango){
        1:   32-block  0
------------------
        -:   36:
        2:   37:TEST(evolucionDePosicionTEST, posicionInvalida){
        2:   38:    toroide t = tNoCoinciden2;
       1*:   39:    EXPECT_FALSE(evolucionDePosicion(t, make_pair(4,4)));
        1:   40:}
------------------
_ZN45evolucionDePosicionTEST_posicionInvalida_Test8TestBodyEv:
        1:   37:TEST(evolucionDePosicionTEST, posicionInvalida){
        2:   38:    toroide t = tNoCoinciden2;
        1:   38-block  0
    $$$$$:   38-block  1
       1*:   39:    EXPECT_FALSE(evolucionDePosicion(t, make_pair(4,4)));
        1:   39-block  0
        1:   39-block  1
        1:   39-block  2
        1:   39-block  3
    %%%%%:   39-block  4
    %%%%%:   39-block  5
    %%%%%:   39-block  6
    %%%%%:   39-block  7
    %%%%%:   39-block  8
        1:   39-block  9
    $$$$$:   39-block 10
    $$$$$:   39-block 11
    $$$$$:   39-block 12
    $$$$$:   39-block 13
    $$$$$:   39-block 14
    $$$$$:   39-block 15
    $$$$$:   39-block 16
    $$$$$:   39-block 17
    $$$$$:   39-block 18
    $$$$$:   39-block 19
        1:   40:}
------------------
_ZN45evolucionDePosicionTEST_posicionInvalida_TestC1Ev:
        1:   37:TEST(evolucionDePosicionTEST, posicionInvalida){
        1:   37-block  0
------------------
        -:   41:
        2:   42:TEST(evolucionDePosicionTEST, aRevivir){
        2:   43:    toroide t = tPeriodico;
       1*:   44:    EXPECT_TRUE(evolucionDePosicion(t, make_pair(1,3)));
        1:   45:}
------------------
_ZN37evolucionDePosicionTEST_aRevivir_Test8TestBodyEv:
        1:   42:TEST(evolucionDePosicionTEST, aRevivir){
        2:   43:    toroide t = tPeriodico;
        1:   43-block  0
    $$$$$:   43-block  1
       1*:   44:    EXPECT_TRUE(evolucionDePosicion(t, make_pair(1,3)));
        1:   44-block  0
        1:   44-block  1
        1:   44-block  2
        1:   44-block  3
    %%%%%:   44-block  4
    %%%%%:   44-block  5
    %%%%%:   44-block  6
    %%%%%:   44-block  7
    %%%%%:   44-block  8
        1:   44-block  9
    $$$$$:   44-block 10
    $$$$$:   44-block 11
    $$$$$:   44-block 12
    $$$$$:   44-block 13
    $$$$$:   44-block 14
    $$$$$:   44-block 15
    $$$$$:   44-block 16
    $$$$$:   44-block 17
    $$$$$:   44-block 18
    $$$$$:   44-block 19
        1:   45:}
------------------
_ZN37evolucionDePosicionTEST_aRevivir_TestC1Ev:
        1:   42:TEST(evolucionDePosicionTEST, aRevivir){
        1:   42-block  0
------------------
