        -:    0:Source:/cygdrive/c/Users/vAsmad/CLionProjects/TPS/TPI_toroide/tests/EJ11_seleccionNaturalTEST.cpp
        -:    0:Graph:/cygdrive/c/Users/vAsmad/CLionProjects/TPS/TPI_toroide/cmake-build-debug-coverage/CMakeFiles/juegoDeLaVida.dir/tests/EJ11_seleccionNaturalTEST.gcno
        -:    0:Data:/cygdrive/c/Users/vAsmad/CLionProjects/TPS/TPI_toroide/cmake-build-debug-coverage/CMakeFiles/juegoDeLaVida.dir/tests/EJ11_seleccionNaturalTEST.gcda
        -:    0:Runs:1
        -:    1:#include "../ejercicios.h"
        -:    2:#include "gtest/gtest.h"
        -:    3:#include <algorithm>
        -:    4:#include "../toroidesparaTest.h"
        -:    5:
        -:    6:using namespace std;
        -:    7:
        -:    8:
        2:    9:TEST(seleccionNaturalTEST, toroideDiagonalVsUnoVivo){
        -:   10:    toroide t1 = { 
        -:   11:                  {true, false, false},
        -:   12:                  {false, true, false},
        7:   13:                  {false, false, true}}; 
        -:   14:    toroide t2 = { 
        -:   15:                  {false, false, false}, 
        -:   16:                  {false, false, false}, 
        -:   17:                  {false, true, false},
        -:   18:                  {false, false, false}, 
        9:   19:                  {false, false, false}};
        2:   20:    vector<toroide> ts;
        1:   21:    ts.push_back(t1);
        1:   22:    ts.push_back(t2);
        1:   23:    ts.push_back(t2);
        1:   24:    int res = seleccionNatural(ts);
       1*:   25:    EXPECT_EQ(res, 0);
        1:   26:}
------------------
_ZN50seleccionNaturalTEST_toroideDiagonalVsUnoVivo_Test8TestBodyEv:
        1:    9:TEST(seleccionNaturalTEST, toroideDiagonalVsUnoVivo){
        -:   10:    toroide t1 = { 
        -:   11:                  {true, false, false},
        -:   12:                  {false, true, false},
        7:   13:                  {false, false, true}}; 
        1:   13-block  0
        1:   13-block  1
        1:   13-block  2
        1:   13-block  3
        3:   13-block  4
        1:   13-block  5
    $$$$$:   13-block  6
    $$$$$:   13-block  7
    $$$$$:   13-block  8
    $$$$$:   13-block  9
    $$$$$:   13-block 10
    $$$$$:   13-block 11
    $$$$$:   13-block 12
        -:   14:    toroide t2 = { 
        -:   15:                  {false, false, false}, 
        -:   16:                  {false, false, false}, 
        -:   17:                  {false, true, false},
        -:   18:                  {false, false, false}, 
        9:   19:                  {false, false, false}};
        1:   19-block  0
        1:   19-block  1
        1:   19-block  2
        1:   19-block  3
        1:   19-block  4
        5:   19-block  5
        1:   19-block  6
    $$$$$:   19-block  7
    $$$$$:   19-block  8
    $$$$$:   19-block  9
    $$$$$:   19-block 10
    $$$$$:   19-block 11
    $$$$$:   19-block 12
    $$$$$:   19-block 13
    $$$$$:   19-block 14
    $$$$$:   19-block 15
        2:   20:    vector<toroide> ts;
    $$$$$:   20-block  0
        1:   21:    ts.push_back(t1);
        1:   22:    ts.push_back(t2);
        1:   22-block  0
        1:   23:    ts.push_back(t2);
        1:   23-block  0
        1:   24:    int res = seleccionNatural(ts);
        1:   24-block  0
        1:   24-block  1
        1:   24-block  2
    $$$$$:   24-block  3
    $$$$$:   24-block  4
       1*:   25:    EXPECT_EQ(res, 0);
        1:   25-block  0
    %%%%%:   25-block  1
    %%%%%:   25-block  2
    %%%%%:   25-block  3
    %%%%%:   25-block  4
    %%%%%:   25-block  5
        1:   25-block  6
    $$$$$:   25-block  7
    $$$$$:   25-block  8
    $$$$$:   25-block  9
    $$$$$:   25-block 10
    $$$$$:   25-block 11
    $$$$$:   25-block 12
        1:   26:}
------------------
_ZN50seleccionNaturalTEST_toroideDiagonalVsUnoVivo_TestC1Ev:
        1:    9:TEST(seleccionNaturalTEST, toroideDiagonalVsUnoVivo){
        1:    9-block  0
------------------
        -:   27:
        2:   28:TEST(seleccionNaturalTEST, seleccionConPeriodico){
        -:   29:    toroide t1 = { 
        -:   30:                  {false, false, false, false, false}, 
        -:   31:                  {false, false, false, false, false}, 
        -:   32:                  {false, true, true, true, false},
        -:   33:                  {false, false, false, false, false}, 
        9:   34:                  {false, false,false, false, false} };
        -:   35:    toroide t2 = { 
        -:   36:                  {true, false, false},
        -:   37:                  {false, true, false},
        7:   38:                  {false, false, true}}; 
        2:   39:    vector<toroide> ts;
        1:   40:    ts.push_back(t2);
        1:   41:    ts.push_back(t1);
        1:   42:    ts.push_back(t2);
        1:   43:    int res = seleccionNatural(ts);
       1*:   44:    EXPECT_EQ(res, -1);
        1:   45:}
------------------
_ZN47seleccionNaturalTEST_seleccionConPeriodico_Test8TestBodyEv:
        1:   28:TEST(seleccionNaturalTEST, seleccionConPeriodico){
        -:   29:    toroide t1 = { 
        -:   30:                  {false, false, false, false, false}, 
        -:   31:                  {false, false, false, false, false}, 
        -:   32:                  {false, true, true, true, false},
        -:   33:                  {false, false, false, false, false}, 
        9:   34:                  {false, false,false, false, false} };
        1:   34-block  0
        1:   34-block  1
        1:   34-block  2
        1:   34-block  3
        1:   34-block  4
        1:   34-block  5
        5:   34-block  6
        1:   34-block  7
    $$$$$:   34-block  8
    $$$$$:   34-block  9
    $$$$$:   34-block 10
    $$$$$:   34-block 11
    $$$$$:   34-block 12
    $$$$$:   34-block 13
    $$$$$:   34-block 14
    $$$$$:   34-block 15
    $$$$$:   34-block 16
        -:   35:    toroide t2 = { 
        -:   36:                  {true, false, false},
        -:   37:                  {false, true, false},
        7:   38:                  {false, false, true}}; 
        1:   38-block  0
        1:   38-block  1
        1:   38-block  2
        3:   38-block  3
        1:   38-block  4
    $$$$$:   38-block  5
    $$$$$:   38-block  6
    $$$$$:   38-block  7
    $$$$$:   38-block  8
    $$$$$:   38-block  9
    $$$$$:   38-block 10
    $$$$$:   38-block 11
        2:   39:    vector<toroide> ts;
    $$$$$:   39-block  0
        1:   40:    ts.push_back(t2);
        1:   41:    ts.push_back(t1);
        1:   41-block  0
        1:   42:    ts.push_back(t2);
        1:   42-block  0
        1:   43:    int res = seleccionNatural(ts);
        1:   43-block  0
        1:   43-block  1
        1:   43-block  2
    $$$$$:   43-block  3
    $$$$$:   43-block  4
       1*:   44:    EXPECT_EQ(res, -1);
        1:   44-block  0
    %%%%%:   44-block  1
    %%%%%:   44-block  2
    %%%%%:   44-block  3
    %%%%%:   44-block  4
    %%%%%:   44-block  5
        1:   44-block  6
    $$$$$:   44-block  7
    $$$$$:   44-block  8
    $$$$$:   44-block  9
    $$$$$:   44-block 10
    $$$$$:   44-block 11
    $$$$$:   44-block 12
        1:   45:}
------------------
_ZN47seleccionNaturalTEST_seleccionConPeriodico_TestC1Ev:
        1:   28:TEST(seleccionNaturalTEST, seleccionConPeriodico){
        1:   28-block  0
------------------
        -:   46:
        2:   47:TEST(seleccionNaturalTEST, bosqueDeToroides){
        2:   48:    toroide t1 = tVivo; 
        -:   49:
        2:   50:    vector<toroide> ts;
        1:   51:    ts.push_back(t1);
        1:   52:    ts.push_back(t1);
        1:   53:    ts.push_back(t1);
        1:   54:    ts.push_back(t1);
        1:   55:    ts.push_back(t1);
        1:   56:    ts.push_back(t1);
        1:   57:    int res = seleccionNatural(ts);
       1*:   58:    EXPECT_EQ(res, 0);
        1:   59:}
------------------
_ZN42seleccionNaturalTEST_bosqueDeToroides_Test8TestBodyEv:
        1:   47:TEST(seleccionNaturalTEST, bosqueDeToroides){
        2:   48:    toroide t1 = tVivo; 
        1:   48-block  0
    $$$$$:   48-block  1
        -:   49:
        2:   50:    vector<toroide> ts;
        1:   50-block  0
    $$$$$:   50-block  1
        1:   51:    ts.push_back(t1);
        1:   52:    ts.push_back(t1);
        1:   52-block  0
        1:   53:    ts.push_back(t1);
        1:   53-block  0
        1:   54:    ts.push_back(t1);
        1:   54-block  0
        1:   55:    ts.push_back(t1);
        1:   55-block  0
        1:   56:    ts.push_back(t1);
        1:   56-block  0
        1:   57:    int res = seleccionNatural(ts);
        1:   57-block  0
        1:   57-block  1
        1:   57-block  2
    $$$$$:   57-block  3
    $$$$$:   57-block  4
       1*:   58:    EXPECT_EQ(res, 0);
        1:   58-block  0
    %%%%%:   58-block  1
    %%%%%:   58-block  2
    %%%%%:   58-block  3
    %%%%%:   58-block  4
    %%%%%:   58-block  5
        1:   58-block  6
    $$$$$:   58-block  7
    $$$$$:   58-block  8
    $$$$$:   58-block  9
    $$$$$:   58-block 10
    $$$$$:   58-block 11
    $$$$$:   58-block 12
        1:   59:}
------------------
_ZN42seleccionNaturalTEST_bosqueDeToroides_TestC1Ev:
        1:   47:TEST(seleccionNaturalTEST, bosqueDeToroides){
        1:   47-block  0
------------------
        -:   60:
        2:   61:TEST(seleccionNaturalTEST, seleccionNormal){
        2:   62:    toroide t1 = tNoCoinciden2;
        2:   63:    toroide t2 = tMuerto;
        2:   64:    toroide t3 = tVivo;
        2:   65:    toroide t4 = tDadoCinco;
        2:   66:    toroide t5 = tMuereEnKMenos1;
        -:   67:
        2:   68:    vector<toroide> ts;
        1:   69:    ts.push_back(t1);
        1:   70:    ts.push_back(t2);
        1:   71:    ts.push_back(t3);
        1:   72:    ts.push_back(t4);
        1:   73:    ts.push_back(t5);
        1:   74:    int res = seleccionNatural(ts);
       1*:   75:    EXPECT_EQ(res, 4);
        1:   76:}
------------------
_ZN41seleccionNaturalTEST_seleccionNormal_Test8TestBodyEv:
        1:   61:TEST(seleccionNaturalTEST, seleccionNormal){
        2:   62:    toroide t1 = tNoCoinciden2;
        1:   62-block  0
    $$$$$:   62-block  1
        2:   63:    toroide t2 = tMuerto;
        1:   63-block  0
    $$$$$:   63-block  1
        2:   64:    toroide t3 = tVivo;
        1:   64-block  0
    $$$$$:   64-block  1
        2:   65:    toroide t4 = tDadoCinco;
        1:   65-block  0
    $$$$$:   65-block  1
        2:   66:    toroide t5 = tMuereEnKMenos1;
        1:   66-block  0
    $$$$$:   66-block  1
        -:   67:
        2:   68:    vector<toroide> ts;
        1:   68-block  0
    $$$$$:   68-block  1
        1:   69:    ts.push_back(t1);
        1:   70:    ts.push_back(t2);
        1:   70-block  0
        1:   71:    ts.push_back(t3);
        1:   71-block  0
        1:   72:    ts.push_back(t4);
        1:   72-block  0
        1:   73:    ts.push_back(t5);
        1:   73-block  0
        1:   74:    int res = seleccionNatural(ts);
        1:   74-block  0
        1:   74-block  1
        1:   74-block  2
    $$$$$:   74-block  3
    $$$$$:   74-block  4
       1*:   75:    EXPECT_EQ(res, 4);
        1:   75-block  0
    %%%%%:   75-block  1
    %%%%%:   75-block  2
    %%%%%:   75-block  3
    %%%%%:   75-block  4
    %%%%%:   75-block  5
        1:   75-block  6
    $$$$$:   75-block  7
    $$$$$:   75-block  8
    $$$$$:   75-block  9
    $$$$$:   75-block 10
    $$$$$:   75-block 11
    $$$$$:   75-block 12
        1:   76:}
------------------
_ZN41seleccionNaturalTEST_seleccionNormal_TestC1Ev:
        1:   61:TEST(seleccionNaturalTEST, seleccionNormal){
        1:   61-block  0
------------------
        -:   77:
        -:   78:
        2:   79:TEST(seleccionNaturalTEST, prueba_multiple){
        2:   80:    vector<toroide> ts = listaT1;
        1:   81:    int res = seleccionNatural(ts);
       1*:   82:    EXPECT_EQ(res, 4);
        1:   83:}
------------------
_ZN41seleccionNaturalTEST_prueba_multiple_Test8TestBodyEv:
        1:   79:TEST(seleccionNaturalTEST, prueba_multiple){
        2:   80:    vector<toroide> ts = listaT1;
        1:   80-block  0
    $$$$$:   80-block  1
        1:   81:    int res = seleccionNatural(ts);
        1:   81-block  0
        1:   81-block  1
        1:   81-block  2
    $$$$$:   81-block  3
    $$$$$:   81-block  4
       1*:   82:    EXPECT_EQ(res, 4);
        1:   82-block  0
    %%%%%:   82-block  1
    %%%%%:   82-block  2
    %%%%%:   82-block  3
    %%%%%:   82-block  4
    %%%%%:   82-block  5
        1:   82-block  6
    $$$$$:   82-block  7
    $$$$$:   82-block  8
    $$$$$:   82-block  9
    $$$$$:   82-block 10
    $$$$$:   82-block 11
    $$$$$:   82-block 12
        1:   83:}
------------------
_ZN41seleccionNaturalTEST_prueba_multiple_TestC1Ev:
        1:   79:TEST(seleccionNaturalTEST, prueba_multiple){
        1:   79-block  0
------------------
