        -:    0:Source:/cygdrive/c/Users/vAsmad/CLionProjects/TPS/TPI_toroide/tests/EJ12_fusionarTEST.cpp
        -:    0:Graph:/cygdrive/c/Users/vAsmad/CLionProjects/TPS/TPI_toroide/cmake-build-debug-coverage/CMakeFiles/juegoDeLaVida.dir/tests/EJ12_fusionarTEST.gcno
        -:    0:Data:/cygdrive/c/Users/vAsmad/CLionProjects/TPS/TPI_toroide/cmake-build-debug-coverage/CMakeFiles/juegoDeLaVida.dir/tests/EJ12_fusionarTEST.gcda
        -:    0:Runs:1
        -:    1:#include "../ejercicios.h"
        -:    2:#include "gtest/gtest.h"
        -:    3:#include <algorithm>
        -:    4:#include "../toroidesparaTest.h"
        -:    5:
        -:    6:using namespace std;
        -:    7:
        2:    8:TEST(fusionarTEST, sinInterseccion){
        -:    9:    toroide t1 = { 
        -:   10:                  {true, false, false},
        -:   11:                  {false, true, false},
        7:   12:                  {false, false, true}}; 
        -:   13:    toroide t2 = { 
        -:   14:                  {false, true, true},
        -:   15:                  {true, false, true},
        7:   16:                  {true, true, false}};
        -:   17:
        -:   18:    toroide tout = {
        -:   19:            {false, false, false},
        -:   20:            {false, false, false},
        7:   21:            {false, false, false}};
        -:   22:
        2:   23:    toroide res = fusionar(t1, t2);
       1*:   24:    EXPECT_EQ(res, tout);
        1:   25:}
------------------
_ZN33fusionarTEST_sinInterseccion_Test8TestBodyEv:
        1:    8:TEST(fusionarTEST, sinInterseccion){
        -:    9:    toroide t1 = { 
        -:   10:                  {true, false, false},
        -:   11:                  {false, true, false},
        7:   12:                  {false, false, true}}; 
        1:   12-block  0
        1:   12-block  1
        1:   12-block  2
        1:   12-block  3
        3:   12-block  4
        1:   12-block  5
    $$$$$:   12-block  6
    $$$$$:   12-block  7
    $$$$$:   12-block  8
    $$$$$:   12-block  9
    $$$$$:   12-block 10
    $$$$$:   12-block 11
    $$$$$:   12-block 12
        -:   13:    toroide t2 = { 
        -:   14:                  {false, true, true},
        -:   15:                  {true, false, true},
        7:   16:                  {true, true, false}};
        1:   16-block  0
        1:   16-block  1
        1:   16-block  2
        3:   16-block  3
        1:   16-block  4
    $$$$$:   16-block  5
    $$$$$:   16-block  6
    $$$$$:   16-block  7
    $$$$$:   16-block  8
    $$$$$:   16-block  9
    $$$$$:   16-block 10
    $$$$$:   16-block 11
        -:   17:
        -:   18:    toroide tout = {
        -:   19:            {false, false, false},
        -:   20:            {false, false, false},
        7:   21:            {false, false, false}};
        1:   21-block  0
        1:   21-block  1
        1:   21-block  2
        3:   21-block  3
        1:   21-block  4
    $$$$$:   21-block  5
    $$$$$:   21-block  6
    $$$$$:   21-block  7
    $$$$$:   21-block  8
    $$$$$:   21-block  9
    $$$$$:   21-block 10
    $$$$$:   21-block 11
        -:   22:
        2:   23:    toroide res = fusionar(t1, t2);
    $$$$$:   23-block  0
       1*:   24:    EXPECT_EQ(res, tout);
        1:   24-block  0
        1:   24-block  1
    %%%%%:   24-block  2
    %%%%%:   24-block  3
    %%%%%:   24-block  4
    %%%%%:   24-block  5
    %%%%%:   24-block  6
        1:   24-block  7
    $$$$$:   24-block  8
    $$$$$:   24-block  9
    $$$$$:   24-block 10
    $$$$$:   24-block 11
    $$$$$:   24-block 12
        1:   25:}
------------------
_ZN33fusionarTEST_sinInterseccion_TestC1Ev:
        1:    8:TEST(fusionarTEST, sinInterseccion){
        1:    8-block  0
------------------
        -:   26:
        2:   27:TEST(fusionarTEST, todosCoinciden){
        2:   28:    toroide t1 = tTodosCoinciden;
        2:   29:    toroide t2 = tTodosCoinciden;
        -:   30:
        2:   31:    toroide tout = tTodosCoinciden;
        -:   32:
        2:   33:    toroide res = fusionar(t1, t2);
       1*:   34:    EXPECT_EQ(res, tout);
        1:   35:}
------------------
_ZN32fusionarTEST_todosCoinciden_Test8TestBodyEv:
        1:   27:TEST(fusionarTEST, todosCoinciden){
        2:   28:    toroide t1 = tTodosCoinciden;
        1:   28-block  0
    $$$$$:   28-block  1
        2:   29:    toroide t2 = tTodosCoinciden;
        1:   29-block  0
    $$$$$:   29-block  1
        -:   30:
        2:   31:    toroide tout = tTodosCoinciden;
        1:   31-block  0
    $$$$$:   31-block  1
        -:   32:
        2:   33:    toroide res = fusionar(t1, t2);
        1:   33-block  0
    $$$$$:   33-block  1
       1*:   34:    EXPECT_EQ(res, tout);
        1:   34-block  0
        1:   34-block  1
    %%%%%:   34-block  2
    %%%%%:   34-block  3
    %%%%%:   34-block  4
    %%%%%:   34-block  5
    %%%%%:   34-block  6
        1:   34-block  7
    $$$$$:   34-block  8
    $$$$$:   34-block  9
    $$$$$:   34-block 10
    $$$$$:   34-block 11
    $$$$$:   34-block 12
        1:   35:}
------------------
_ZN32fusionarTEST_todosCoinciden_TestC1Ev:
        1:   27:TEST(fusionarTEST, todosCoinciden){
        1:   27-block  0
------------------
        -:   36:
        2:   37:TEST(fusionarTEST, ningunoCoincide){
        2:   38:    toroide t1 = tNoCoinciden1; 
        2:   39:    toroide t2 = tNoCoinciden2;
        -:   40:
        2:   41:    toroide tout = tMuerto;
        -:   42:
        2:   43:    toroide res = fusionar(t1, t2);
       1*:   44:    EXPECT_EQ(res, tout);
        1:   45:}
------------------
_ZN33fusionarTEST_ningunoCoincide_Test8TestBodyEv:
        1:   37:TEST(fusionarTEST, ningunoCoincide){
        2:   38:    toroide t1 = tNoCoinciden1; 
        1:   38-block  0
    $$$$$:   38-block  1
        2:   39:    toroide t2 = tNoCoinciden2;
        1:   39-block  0
    $$$$$:   39-block  1
        -:   40:
        2:   41:    toroide tout = tMuerto;
        1:   41-block  0
    $$$$$:   41-block  1
        -:   42:
        2:   43:    toroide res = fusionar(t1, t2);
        1:   43-block  0
    $$$$$:   43-block  1
       1*:   44:    EXPECT_EQ(res, tout);
        1:   44-block  0
        1:   44-block  1
    %%%%%:   44-block  2
    %%%%%:   44-block  3
    %%%%%:   44-block  4
    %%%%%:   44-block  5
    %%%%%:   44-block  6
        1:   44-block  7
    $$$$$:   44-block  8
    $$$$$:   44-block  9
    $$$$$:   44-block 10
    $$$$$:   44-block 11
    $$$$$:   44-block 12
        1:   45:}
------------------
_ZN33fusionarTEST_ningunoCoincide_TestC1Ev:
        1:   37:TEST(fusionarTEST, ningunoCoincide){
        1:   37-block  0
------------------
        -:   46:
        2:   47:TEST(fusionarTEST, todosVivos){
        2:   48:    toroide t1 = tVivo; 
        2:   49:    toroide t2 = tVivo;
        -:   50:
        2:   51:    toroide tout = tVivo;
        -:   52:
        2:   53:    toroide res = fusionar(t1, t2);
       1*:   54:    EXPECT_EQ(res, tout);
        1:   55:}
------------------
_ZN28fusionarTEST_todosVivos_Test8TestBodyEv:
        1:   47:TEST(fusionarTEST, todosVivos){
        2:   48:    toroide t1 = tVivo; 
        1:   48-block  0
    $$$$$:   48-block  1
        2:   49:    toroide t2 = tVivo;
        1:   49-block  0
    $$$$$:   49-block  1
        -:   50:
        2:   51:    toroide tout = tVivo;
        1:   51-block  0
    $$$$$:   51-block  1
        -:   52:
        2:   53:    toroide res = fusionar(t1, t2);
        1:   53-block  0
    $$$$$:   53-block  1
       1*:   54:    EXPECT_EQ(res, tout);
        1:   54-block  0
        1:   54-block  1
    %%%%%:   54-block  2
    %%%%%:   54-block  3
    %%%%%:   54-block  4
    %%%%%:   54-block  5
    %%%%%:   54-block  6
        1:   54-block  7
    $$$$$:   54-block  8
    $$$$$:   54-block  9
    $$$$$:   54-block 10
    $$$$$:   54-block 11
    $$$$$:   54-block 12
        1:   55:}
------------------
_ZN28fusionarTEST_todosVivos_TestC1Ev:
        1:   47:TEST(fusionarTEST, todosVivos){
        1:   47-block  0
------------------
        -:   56:
        2:   57:TEST(fusionarTEST, prueba_0){
        2:   58:    toroide t1 = fusionA;
        2:   59:    toroide t2 = fusionB;
        2:   60:    toroide tout = fusionAB;
        2:   61:    toroide res = fusionar(t1, t2);
       1*:   62:    EXPECT_EQ(res, tout);
        1:   63:}
------------------
_ZN26fusionarTEST_prueba_0_Test8TestBodyEv:
        1:   57:TEST(fusionarTEST, prueba_0){
        2:   58:    toroide t1 = fusionA;
        1:   58-block  0
    $$$$$:   58-block  1
        2:   59:    toroide t2 = fusionB;
        1:   59-block  0
    $$$$$:   59-block  1
        2:   60:    toroide tout = fusionAB;
        1:   60-block  0
    $$$$$:   60-block  1
        2:   61:    toroide res = fusionar(t1, t2);
        1:   61-block  0
    $$$$$:   61-block  1
       1*:   62:    EXPECT_EQ(res, tout);
        1:   62-block  0
        1:   62-block  1
    %%%%%:   62-block  2
    %%%%%:   62-block  3
    %%%%%:   62-block  4
    %%%%%:   62-block  5
    %%%%%:   62-block  6
        1:   62-block  7
    $$$$$:   62-block  8
    $$$$$:   62-block  9
    $$$$$:   62-block 10
    $$$$$:   62-block 11
    $$$$$:   62-block 12
        1:   63:}
------------------
_ZN26fusionarTEST_prueba_0_TestC1Ev:
        1:   57:TEST(fusionarTEST, prueba_0){
        1:   57-block  0
------------------
        -:   64:
        2:   65:TEST(fusionarTEST, prueba_1){
        2:   66:    toroide t1 = fusionC;
        2:   67:    toroide t2 = fusionD;
        2:   68:    toroide tout = fusionCD;
        2:   69:    toroide res = fusionar(t1, t2);
       1*:   70:    EXPECT_EQ(res, tout);
        1:   71:}
------------------
_ZN26fusionarTEST_prueba_1_Test8TestBodyEv:
        1:   65:TEST(fusionarTEST, prueba_1){
        2:   66:    toroide t1 = fusionC;
        1:   66-block  0
    $$$$$:   66-block  1
        2:   67:    toroide t2 = fusionD;
        1:   67-block  0
    $$$$$:   67-block  1
        2:   68:    toroide tout = fusionCD;
        1:   68-block  0
    $$$$$:   68-block  1
        2:   69:    toroide res = fusionar(t1, t2);
        1:   69-block  0
    $$$$$:   69-block  1
       1*:   70:    EXPECT_EQ(res, tout);
        1:   70-block  0
        1:   70-block  1
    %%%%%:   70-block  2
    %%%%%:   70-block  3
    %%%%%:   70-block  4
    %%%%%:   70-block  5
    %%%%%:   70-block  6
        1:   70-block  7
    $$$$$:   70-block  8
    $$$$$:   70-block  9
    $$$$$:   70-block 10
    $$$$$:   70-block 11
    $$$$$:   70-block 12
        1:   71:}
------------------
_ZN26fusionarTEST_prueba_1_TestC1Ev:
        1:   65:TEST(fusionarTEST, prueba_1){
        1:   65-block  0
------------------
        -:   72:
        2:   73:TEST(fusionarTEST, prueba_2){
        2:   74:    toroide t1 = fusionE;
        2:   75:    toroide t2 = fusionF;
        2:   76:    toroide tout = fusionEF;
        2:   77:    toroide res = fusionar(t1, t2);
       1*:   78:    EXPECT_EQ(res, tout);
        1:   79:}
------------------
_ZN26fusionarTEST_prueba_2_Test8TestBodyEv:
        1:   73:TEST(fusionarTEST, prueba_2){
        2:   74:    toroide t1 = fusionE;
        1:   74-block  0
    $$$$$:   74-block  1
        2:   75:    toroide t2 = fusionF;
        1:   75-block  0
    $$$$$:   75-block  1
        2:   76:    toroide tout = fusionEF;
        1:   76-block  0
    $$$$$:   76-block  1
        2:   77:    toroide res = fusionar(t1, t2);
        1:   77-block  0
    $$$$$:   77-block  1
       1*:   78:    EXPECT_EQ(res, tout);
        1:   78-block  0
        1:   78-block  1
    %%%%%:   78-block  2
    %%%%%:   78-block  3
    %%%%%:   78-block  4
    %%%%%:   78-block  5
    %%%%%:   78-block  6
        1:   78-block  7
    $$$$$:   78-block  8
    $$$$$:   78-block  9
    $$$$$:   78-block 10
    $$$$$:   78-block 11
    $$$$$:   78-block 12
        1:   79:}
------------------
_ZN26fusionarTEST_prueba_2_TestC1Ev:
        1:   73:TEST(fusionarTEST, prueba_2){
        1:   73-block  0
------------------
