        -:    0:Source:/cygdrive/c/Users/vAsmad/CLionProjects/TPI_toroide/tests/EJ09_esPeriodicoTEST.cpp
        -:    0:Graph:/cygdrive/c/Users/vAsmad/CLionProjects/TPI_toroide/cmake-build-debug/CMakeFiles/juegoDeLaVida.dir/tests/EJ09_esPeriodicoTEST.gcno
        -:    0:Data:/cygdrive/c/Users/vAsmad/CLionProjects/TPI_toroide/cmake-build-debug/CMakeFiles/juegoDeLaVida.dir/tests/EJ09_esPeriodicoTEST.gcda
        -:    0:Runs:1
        -:    1:#include "../ejercicios.h"
        -:    2:#include "gtest/gtest.h"
        -:    3:#include <algorithm>
        -:    4:#include "../toroidesparaTest.h"
        -:    5:
        -:    6:using namespace std;
        -:    7:
        2:    8:TEST(esPeriodicoTEST, toroideHorizontalPeriodico2){
        -:    9:    toroide t = { 
        -:   10:                  {false, false, false, false, false}, 
        -:   11:                  {false, false, false, false, false}, 
        -:   12:                  {false, true, true, true, false},
        -:   13:                  {false, false, false, false, false}, 
        9:   14:                  {false, false,false, false, false} };
        -:   15:    int p;
        -:   16:    bool res;
        1:   17:    res = esPeriodico(t, p);
       1*:   18:    EXPECT_TRUE(res);
       1*:   19:    EXPECT_EQ(p, 2);
        1:   20:}
------------------
_ZN48esPeriodicoTEST_toroideHorizontalPeriodico2_Test8TestBodyEv:
        1:    8:TEST(esPeriodicoTEST, toroideHorizontalPeriodico2){
        -:    9:    toroide t = { 
        -:   10:                  {false, false, false, false, false}, 
        -:   11:                  {false, false, false, false, false}, 
        -:   12:                  {false, true, true, true, false},
        -:   13:                  {false, false, false, false, false}, 
        9:   14:                  {false, false,false, false, false} };
        1:   14-block  0
        1:   14-block  1
        1:   14-block  2
        1:   14-block  3
        1:   14-block  4
        1:   14-block  5
        5:   14-block  6
        1:   14-block  7
    $$$$$:   14-block  8
    $$$$$:   14-block  9
    $$$$$:   14-block 10
    $$$$$:   14-block 11
    $$$$$:   14-block 12
    $$$$$:   14-block 13
    $$$$$:   14-block 14
    $$$$$:   14-block 15
    $$$$$:   14-block 16
        -:   15:    int p;
        -:   16:    bool res;
        1:   17:    res = esPeriodico(t, p);
       1*:   18:    EXPECT_TRUE(res);
        1:   18-block  0
        1:   18-block  1
    %%%%%:   18-block  2
    %%%%%:   18-block  3
    %%%%%:   18-block  4
    %%%%%:   18-block  5
    %%%%%:   18-block  6
        1:   18-block  7
    $$$$$:   18-block  8
    $$$$$:   18-block  9
    $$$$$:   18-block 10
    $$$$$:   18-block 11
    $$$$$:   18-block 12
    $$$$$:   18-block 13
    $$$$$:   18-block 14
       1*:   19:    EXPECT_EQ(p, 2);
        1:   19-block  0
    %%%%%:   19-block  1
    %%%%%:   19-block  2
    %%%%%:   19-block  3
    %%%%%:   19-block  4
    %%%%%:   19-block  5
        1:   19-block  6
    $$$$$:   19-block  7
    $$$$$:   19-block  8
    $$$$$:   19-block  9
    $$$$$:   19-block 10
    $$$$$:   19-block 11
    $$$$$:   19-block 12
        1:   20:}
------------------
_ZN48esPeriodicoTEST_toroideHorizontalPeriodico2_TestC1Ev:
        1:    8:TEST(esPeriodicoTEST, toroideHorizontalPeriodico2){
        1:    8-block  0
------------------
        -:   21:
        2:   22:TEST(esPeriodicoTEST, toroidePeriodico){
        2:   23:    toroide t2 = tPeriodico;
        -:   24:    int p2;
        -:   25:    bool res2;
        1:   26:    res2 = esPeriodico(t2, p2);
       1*:   27:    EXPECT_TRUE(res2);
       1*:   28:    EXPECT_EQ(p2, 2);
        1:   29:}
------------------
_ZN37esPeriodicoTEST_toroidePeriodico_Test8TestBodyEv:
        1:   22:TEST(esPeriodicoTEST, toroidePeriodico){
        2:   23:    toroide t2 = tPeriodico;
        1:   23-block  0
    $$$$$:   23-block  1
        -:   24:    int p2;
        -:   25:    bool res2;
        1:   26:    res2 = esPeriodico(t2, p2);
        1:   26-block  0
       1*:   27:    EXPECT_TRUE(res2);
        1:   27-block  0
        1:   27-block  1
    %%%%%:   27-block  2
    %%%%%:   27-block  3
    %%%%%:   27-block  4
    %%%%%:   27-block  5
    %%%%%:   27-block  6
        1:   27-block  7
    $$$$$:   27-block  8
    $$$$$:   27-block  9
    $$$$$:   27-block 10
    $$$$$:   27-block 11
    $$$$$:   27-block 12
    $$$$$:   27-block 13
    $$$$$:   27-block 14
       1*:   28:    EXPECT_EQ(p2, 2);
        1:   28-block  0
    %%%%%:   28-block  1
    %%%%%:   28-block  2
    %%%%%:   28-block  3
    %%%%%:   28-block  4
    %%%%%:   28-block  5
        1:   28-block  6
    $$$$$:   28-block  7
    $$$$$:   28-block  8
    $$$$$:   28-block  9
    $$$$$:   28-block 10
    $$$$$:   28-block 11
    $$$$$:   28-block 12
        1:   29:}
------------------
_ZN37esPeriodicoTEST_toroidePeriodico_TestC1Ev:
        1:   22:TEST(esPeriodicoTEST, toroidePeriodico){
        1:   22-block  0
------------------
        -:   30:
        2:   31:TEST(esPeriodicoTEST, muereEnK){
        2:   32:    toroide t3 = tMuereEnKMenos1;
        -:   33:    int p3;
        -:   34:    bool res3;
        1:   35:    res3 = esPeriodico(t3, p3);
       1*:   36:    EXPECT_FALSE(res3);
       1*:   37:    EXPECT_EQ(p3, 0);
        1:   38:}
------------------
_ZN29esPeriodicoTEST_muereEnK_Test8TestBodyEv:
        1:   31:TEST(esPeriodicoTEST, muereEnK){
        2:   32:    toroide t3 = tMuereEnKMenos1;
        1:   32-block  0
    $$$$$:   32-block  1
        -:   33:    int p3;
        -:   34:    bool res3;
        1:   35:    res3 = esPeriodico(t3, p3);
        1:   35-block  0
       1*:   36:    EXPECT_FALSE(res3);
        1:   36-block  0
        1:   36-block  1
    %%%%%:   36-block  2
    %%%%%:   36-block  3
    %%%%%:   36-block  4
    %%%%%:   36-block  5
    %%%%%:   36-block  6
        1:   36-block  7
    $$$$$:   36-block  8
    $$$$$:   36-block  9
    $$$$$:   36-block 10
    $$$$$:   36-block 11
    $$$$$:   36-block 12
    $$$$$:   36-block 13
    $$$$$:   36-block 14
    $$$$$:   36-block 15
       1*:   37:    EXPECT_EQ(p3, 0);
        1:   37-block  0
    %%%%%:   37-block  1
    %%%%%:   37-block  2
    %%%%%:   37-block  3
    %%%%%:   37-block  4
    %%%%%:   37-block  5
        1:   37-block  6
    $$$$$:   37-block  7
    $$$$$:   37-block  8
    $$$$$:   37-block  9
    $$$$$:   37-block 10
    $$$$$:   37-block 11
    $$$$$:   37-block 12
        1:   38:}
------------------
_ZN29esPeriodicoTEST_muereEnK_TestC1Ev:
        1:   31:TEST(esPeriodicoTEST, muereEnK){
        1:   31-block  0
------------------
        -:   39:
        2:   40:TEST(esPeriodicoTEST, toroideMuerto){
        2:   41:    toroide t4 = tMuerto;
        -:   42:    int p4;
        -:   43:    bool res4;
        1:   44:    res4 = esPeriodico(t4, p4);
       1*:   45:    EXPECT_FALSE(res4);
       1*:   46:    EXPECT_EQ(p4, 0);
        1:   47:}
------------------
_ZN34esPeriodicoTEST_toroideMuerto_Test8TestBodyEv:
        1:   40:TEST(esPeriodicoTEST, toroideMuerto){
        2:   41:    toroide t4 = tMuerto;
        1:   41-block  0
    $$$$$:   41-block  1
        -:   42:    int p4;
        -:   43:    bool res4;
        1:   44:    res4 = esPeriodico(t4, p4);
        1:   44-block  0
       1*:   45:    EXPECT_FALSE(res4);
        1:   45-block  0
        1:   45-block  1
    %%%%%:   45-block  2
    %%%%%:   45-block  3
    %%%%%:   45-block  4
    %%%%%:   45-block  5
    %%%%%:   45-block  6
        1:   45-block  7
    $$$$$:   45-block  8
    $$$$$:   45-block  9
    $$$$$:   45-block 10
    $$$$$:   45-block 11
    $$$$$:   45-block 12
    $$$$$:   45-block 13
    $$$$$:   45-block 14
    $$$$$:   45-block 15
       1*:   46:    EXPECT_EQ(p4, 0);
        1:   46-block  0
    %%%%%:   46-block  1
    %%%%%:   46-block  2
    %%%%%:   46-block  3
    %%%%%:   46-block  4
    %%%%%:   46-block  5
        1:   46-block  6
    $$$$$:   46-block  7
    $$$$$:   46-block  8
    $$$$$:   46-block  9
    $$$$$:   46-block 10
    $$$$$:   46-block 11
    $$$$$:   46-block 12
        1:   47:}
------------------
_ZN34esPeriodicoTEST_toroideMuerto_TestC1Ev:
        1:   40:TEST(esPeriodicoTEST, toroideMuerto){
        1:   40-block  0
------------------
        -:   48:
        2:   49:TEST(esPeriodicoTEST, toroideVivo){
        2:   50:    toroide t5 = tVivo;
        -:   51:    int p5;
        -:   52:    bool res5;
        1:   53:    res5 = esPeriodico(t5, p5);
       1*:   54:    EXPECT_FALSE(res5);
       1*:   55:    EXPECT_EQ(p5, 0);
        1:   56:}
------------------
_ZN32esPeriodicoTEST_toroideVivo_Test8TestBodyEv:
        1:   49:TEST(esPeriodicoTEST, toroideVivo){
        2:   50:    toroide t5 = tVivo;
        1:   50-block  0
    $$$$$:   50-block  1
        -:   51:    int p5;
        -:   52:    bool res5;
        1:   53:    res5 = esPeriodico(t5, p5);
        1:   53-block  0
       1*:   54:    EXPECT_FALSE(res5);
        1:   54-block  0
        1:   54-block  1
    %%%%%:   54-block  2
    %%%%%:   54-block  3
    %%%%%:   54-block  4
    %%%%%:   54-block  5
    %%%%%:   54-block  6
        1:   54-block  7
    $$$$$:   54-block  8
    $$$$$:   54-block  9
    $$$$$:   54-block 10
    $$$$$:   54-block 11
    $$$$$:   54-block 12
    $$$$$:   54-block 13
    $$$$$:   54-block 14
    $$$$$:   54-block 15
       1*:   55:    EXPECT_EQ(p5, 0);
        1:   55-block  0
    %%%%%:   55-block  1
    %%%%%:   55-block  2
    %%%%%:   55-block  3
    %%%%%:   55-block  4
    %%%%%:   55-block  5
        1:   55-block  6
    $$$$$:   55-block  7
    $$$$$:   55-block  8
    $$$$$:   55-block  9
    $$$$$:   55-block 10
    $$$$$:   55-block 11
    $$$$$:   55-block 12
        1:   56:}
------------------
_ZN32esPeriodicoTEST_toroideVivo_TestC1Ev:
        1:   49:TEST(esPeriodicoTEST, toroideVivo){
        1:   49-block  0
------------------
        -:   57:
        2:   58:TEST(esPeriodicoTEST, constante){
        2:   59:    toroide t = naveEspacial;
        -:   60:    int p;
        1:   61:    bool res = esPeriodico(t, p);
       1*:   62:    EXPECT_TRUE(res);
        1:   63:}
------------------
_ZN30esPeriodicoTEST_constante_Test8TestBodyEv:
        1:   58:TEST(esPeriodicoTEST, constante){
        2:   59:    toroide t = naveEspacial;
        1:   59-block  0
    $$$$$:   59-block  1
        -:   60:    int p;
        1:   61:    bool res = esPeriodico(t, p);
        1:   61-block  0
       1*:   62:    EXPECT_TRUE(res);
        1:   62-block  0
        1:   62-block  1
    %%%%%:   62-block  2
    %%%%%:   62-block  3
    %%%%%:   62-block  4
    %%%%%:   62-block  5
    %%%%%:   62-block  6
        1:   62-block  7
    $$$$$:   62-block  8
    $$$$$:   62-block  9
    $$$$$:   62-block 10
    $$$$$:   62-block 11
    $$$$$:   62-block 12
    $$$$$:   62-block 13
    $$$$$:   62-block 14
        1:   63:}
------------------
_ZN30esPeriodicoTEST_constante_TestC1Ev:
        1:   58:TEST(esPeriodicoTEST, constante){
        1:   58-block  0
------------------
        -:   64:
        2:   65:TEST(esPeriodicoTEST, elKDeEspadas){
        2:   66:    toroide t = jorgitoTriple;
        -:   67:    int p;
        1:   68:    bool res = esPeriodico(t, p);
       1*:   69:    EXPECT_FALSE(res);
        1:   70:}
------------------
_ZN33esPeriodicoTEST_elKDeEspadas_Test8TestBodyEv:
        1:   65:TEST(esPeriodicoTEST, elKDeEspadas){
        2:   66:    toroide t = jorgitoTriple;
        1:   66-block  0
    $$$$$:   66-block  1
        -:   67:    int p;
        1:   68:    bool res = esPeriodico(t, p);
        1:   68-block  0
       1*:   69:    EXPECT_FALSE(res);
        1:   69-block  0
        1:   69-block  1
    %%%%%:   69-block  2
    %%%%%:   69-block  3
    %%%%%:   69-block  4
    %%%%%:   69-block  5
    %%%%%:   69-block  6
        1:   69-block  7
    $$$$$:   69-block  8
    $$$$$:   69-block  9
    $$$$$:   69-block 10
    $$$$$:   69-block 11
    $$$$$:   69-block 12
    $$$$$:   69-block 13
    $$$$$:   69-block 14
    $$$$$:   69-block 15
        1:   70:}
------------------
_ZN33esPeriodicoTEST_elKDeEspadas_TestC1Ev:
        1:   65:TEST(esPeriodicoTEST, elKDeEspadas){
        1:   65-block  0
------------------
        -:   71:
        2:   72:TEST(esPeriodicoTEST, casoExtra){
       10:   73:    toroide t = {{false,false,false,true,true,false},{true,true,false,false,false,true},{true,true,false,true,true,false},{true,false,true,true,true,false},{true,true,true,true,true,true},{true,false,false,false,true,false}};
        -:   74:    int p;
        1:   75:    bool res = esPeriodico(t, p);
       1*:   76:    EXPECT_FALSE(res);
        1:   77:}
------------------
_ZN30esPeriodicoTEST_casoExtra_Test8TestBodyEv:
        1:   72:TEST(esPeriodicoTEST, casoExtra){
       10:   73:    toroide t = {{false,false,false,true,true,false},{true,true,false,false,false,true},{true,true,false,true,true,false},{true,false,true,true,true,false},{true,true,true,true,true,true},{true,false,false,false,true,false}};
        1:   73-block  0
        1:   73-block  1
        1:   73-block  2
        1:   73-block  3
        1:   73-block  4
        1:   73-block  5
        1:   73-block  6
        6:   73-block  7
        1:   73-block  8
    $$$$$:   73-block  9
    $$$$$:   73-block 10
    $$$$$:   73-block 11
    $$$$$:   73-block 12
    $$$$$:   73-block 13
    $$$$$:   73-block 14
    $$$$$:   73-block 15
    $$$$$:   73-block 16
    $$$$$:   73-block 17
    $$$$$:   73-block 18
        -:   74:    int p;
        1:   75:    bool res = esPeriodico(t, p);
       1*:   76:    EXPECT_FALSE(res);
        1:   76-block  0
        1:   76-block  1
    %%%%%:   76-block  2
    %%%%%:   76-block  3
    %%%%%:   76-block  4
    %%%%%:   76-block  5
    %%%%%:   76-block  6
        1:   76-block  7
    $$$$$:   76-block  8
    $$$$$:   76-block  9
    $$$$$:   76-block 10
    $$$$$:   76-block 11
    $$$$$:   76-block 12
    $$$$$:   76-block 13
    $$$$$:   76-block 14
    $$$$$:   76-block 15
        1:   77:}
------------------
_ZN30esPeriodicoTEST_casoExtra_TestC1Ev:
        1:   72:TEST(esPeriodicoTEST, casoExtra){
        1:   72-block  0
------------------
